<?xml version="1.0" encoding="UTF-8"?>
<!-- Generated by org.testng.reporters.JUnitReportReporter -->
<testsuite skipped="0" hostname="BLRL60277" name="interviewTests.Precisely_Test" tests="2" failures="0" timestamp="2021-09-19T01:09:06 IST" time="46.262" errors="0">
  <testcase name="testTwo" time="18.883" classname="interviewTests.Precisely_Test"/>
  <system-out/>
  <testcase name="testOne" time="27.379" classname="interviewTests.Precisely_Test"/>
  <system-out/>
</testsuite> <!-- interviewTests.Precisely_Test -->
